<?xml version="1.0" encoding="UTF-8"?>
<testsuite name="com.mindex.challenge.service.impl.ReportingStructureServiceImplTests" tests="1" skipped="0" failures="0" errors="0" timestamp="2025-02-10T04:50:56" hostname="DESKTOP-FSDHFBG" time="0.033">
  <properties/>
  <testcase name="testDirectReports" classname="com.mindex.challenge.service.impl.ReportingStructureServiceImplTests" time="0.033"/>
  <system-out><![CDATA[2025-02-09T22:50:56.951-06:00  INFO 28516 --- [    Test worker] t.c.s.AnnotationConfigContextLoaderUtils : Could not detect default configuration classes for test class [com.mindex.challenge.service.impl.ReportingStructureServiceImplTests]: ReportingStructureServiceImplTests does not declare any static, non-private, non-final, nested classes annotated with @Configuration.
2025-02-09T22:50:56.952-06:00  INFO 28516 --- [    Test worker] .b.t.c.SpringBootTestContextBootstrapper : Found @SpringBootConfiguration com.mindex.challenge.ChallengeApplication for test class com.mindex.challenge.service.impl.ReportingStructureServiceImplTests
2025-02-09T22:50:56.957-06:00 DEBUG 28516 --- [-auto-1-exec-10] c.m.c.c.ReportingStructureController     : Fetching reporting structure for id [16a596ae-edd3-4847-99fe-c4518e82c86f]
2025-02-09T22:50:56.967-06:00 DEBUG 28516 --- [o-auto-1-exec-1] c.m.c.c.ReportingStructureController     : Fetching reporting structure for id [b7839309-3348-463b-a7e3-5de1c168beb3]
2025-02-09T22:50:56.973-06:00 DEBUG 28516 --- [o-auto-1-exec-2] c.m.c.c.ReportingStructureController     : Fetching reporting structure for id [03aa1462-ffa9-4978-901b-7c001562cf6f]
2025-02-09T22:50:56.978-06:00 DEBUG 28516 --- [o-auto-1-exec-3] c.m.c.c.ReportingStructureController     : Fetching reporting structure for id [62c1084e-6e34-4630-93fd-9153afb65309]
2025-02-09T22:50:56.983-06:00 DEBUG 28516 --- [o-auto-1-exec-4] c.m.c.c.ReportingStructureController     : Fetching reporting structure for id [c0c2293d-16bd-4603-8e08-638a9d18b22c]
]]></system-out>
  <system-err><![CDATA[]]></system-err>
</testsuite>
