<?xml version="1.0" encoding="UTF-8"?>
<testsuite name="com.mindex.challenge.DataBootstrapTest" tests="1" skipped="0" failures="0" errors="0" timestamp="2025-02-10T04:50:56" hostname="DESKTOP-FSDHFBG" time="0.005">
  <properties/>
  <testcase name="test" classname="com.mindex.challenge.DataBootstrapTest" time="0.005"/>
  <system-out><![CDATA[2025-02-09T22:50:56.911-06:00  INFO 28516 --- [    Test worker] t.c.s.AnnotationConfigContextLoaderUtils : Could not detect default configuration classes for test class [com.mindex.challenge.DataBootstrapTest]: DataBootstrapTest does not declare any static, non-private, non-final, nested classes annotated with @Configuration.
2025-02-09T22:50:56.913-06:00  INFO 28516 --- [    Test worker] .b.t.c.SpringBootTestContextBootstrapper : Found @SpringBootConfiguration com.mindex.challenge.ChallengeApplication for test class com.mindex.challenge.DataBootstrapTest
]]></system-out>
  <system-err><![CDATA[]]></system-err>
</testsuite>
