<?xml version="1.0" encoding="UTF-8"?>
<testsuite name="com.mindex.challenge.service.impl.CompensationServiceImplTest" tests="1" skipped="0" failures="0" errors="0" timestamp="2025-02-10T04:50:55" hostname="DESKTOP-FSDHFBG" time="0.673">
  <properties/>
  <testcase name="testCreateReadUpdate" classname="com.mindex.challenge.service.impl.CompensationServiceImplTest" time="0.673"/>
  <system-out><![CDATA[22:50:53.779 [Test worker] INFO org.springframework.test.context.support.AnnotationConfigContextLoaderUtils -- Could not detect default configuration classes for test class [com.mindex.challenge.service.impl.CompensationServiceImplTest]: CompensationServiceImplTest does not declare any static, non-private, non-final, nested classes annotated with @Configuration.
22:50:53.867 [Test worker] INFO org.springframework.boot.test.context.SpringBootTestContextBootstrapper -- Found @SpringBootConfiguration com.mindex.challenge.ChallengeApplication for test class com.mindex.challenge.service.impl.CompensationServiceImplTest

  .   ____          _            __ _ _
 /\\ / ___'_ __ _ _(_)_ __  __ _ \ \ \ \
( ( )\___ | '_ | '_| | '_ \/ _` | \ \ \ \
 \\/  ___)| |_)| | | | | || (_| |  ) ) ) )
  '  |____| .__|_| |_|_| |_\__, | / / / /
 =========|_|==============|___/=/_/_/_/
 :: Spring Boot ::                (v3.2.3)

2025-02-09T22:50:54.154-06:00  INFO 28516 --- [    Test worker] c.m.c.s.i.CompensationServiceImplTest    : Starting CompensationServiceImplTest using Java 17.0.7 with PID 28516 (started by edwil in C:\Users\edwil\OneDrive\Desktop\mindex-code-challenge\mindex-code-challenge)
2025-02-09T22:50:54.155-06:00 DEBUG 28516 --- [    Test worker] c.m.c.s.i.CompensationServiceImplTest    : Running with Spring Boot v3.2.3, Spring v6.1.4
2025-02-09T22:50:54.156-06:00  INFO 28516 --- [    Test worker] c.m.c.s.i.CompensationServiceImplTest    : No active profile set, falling back to 1 default profile: "default"
2025-02-09T22:50:54.460-06:00  INFO 28516 --- [    Test worker] .s.d.r.c.RepositoryConfigurationDelegate : Bootstrapping Spring Data MongoDB repositories in DEFAULT mode.
2025-02-09T22:50:54.487-06:00  INFO 28516 --- [    Test worker] .s.d.r.c.RepositoryConfigurationDelegate : Finished Spring Data repository scanning in 24 ms. Found 1 MongoDB repository interface.
2025-02-09T22:50:54.933-06:00  INFO 28516 --- [    Test worker] o.s.b.w.embedded.tomcat.TomcatWebServer  : Tomcat initialized with port 0 (http)
2025-02-09T22:50:54.940-06:00  INFO 28516 --- [    Test worker] o.apache.catalina.core.StandardService   : Starting service [Tomcat]
2025-02-09T22:50:54.941-06:00  INFO 28516 --- [    Test worker] o.apache.catalina.core.StandardEngine    : Starting Servlet engine: [Apache Tomcat/10.1.19]
2025-02-09T22:50:54.992-06:00  INFO 28516 --- [    Test worker] o.a.c.c.C.[Tomcat].[localhost].[/]       : Initializing Spring embedded WebApplicationContext
2025-02-09T22:50:54.993-06:00  INFO 28516 --- [    Test worker] w.s.c.ServletWebServerApplicationContext : Root WebApplicationContext: initialization completed in 822 ms
2025-02-09T22:50:55.226-06:00  INFO 28516 --- [    Test worker] de.bwaldvogel.mongo.MongoServer          : started MongoServer(port: 57508, ssl: false)
2025-02-09T22:50:55.323-06:00  INFO 28516 --- [    Test worker] org.mongodb.driver.client                : MongoClient with metadata {"driver": {"name": "mongo-java-driver|sync", "version": "4.11.1"}, "os": {"type": "Windows", "name": "Windows 11", "architecture": "amd64", "version": "10.0"}, "platform": "Java/Oracle Corporation/17.0.7+8-LTS-224"} created with settings MongoClientSettings{readPreference=primary, writeConcern=WriteConcern{w=null, wTimeout=null ms, journal=null}, retryWrites=true, retryReads=true, readConcern=ReadConcern{level=null}, credential=null, transportSettings=null, streamFactoryFactory=null, commandListeners=[], codecRegistry=ProvidersCodecRegistry{codecProviders=[ValueCodecProvider{}, BsonValueCodecProvider{}, DBRefCodecProvider{}, DBObjectCodecProvider{}, DocumentCodecProvider{}, CollectionCodecProvider{}, IterableCodecProvider{}, MapCodecProvider{}, GeoJsonCodecProvider{}, GridFSFileCodecProvider{}, Jsr310CodecProvider{}, JsonObjectCodecProvider{}, BsonCodecProvider{}, EnumCodecProvider{}, com.mongodb.client.model.mql.ExpressionCodecProvider@4fb57fb3, com.mongodb.Jep395RecordCodecProvider@6b063470, com.mongodb.KotlinCodecProvider@226d5af0]}, loggerSettings=LoggerSettings{maxDocumentLength=1000}, clusterSettings={hosts=[kubernetes.docker.internal:57508], srvServiceName=mongodb, mode=SINGLE, requiredClusterType=UNKNOWN, requiredReplicaSetName='null', serverSelector='null', clusterListeners='[]', serverSelectionTimeout='30000 ms', localThreshold='15 ms'}, socketSettings=SocketSettings{connectTimeoutMS=10000, readTimeoutMS=0, receiveBufferSize=0, proxySettings=ProxySettings{host=null, port=null, username=null, password=null}}, heartbeatSocketSettings=SocketSettings{connectTimeoutMS=10000, readTimeoutMS=10000, receiveBufferSize=0, proxySettings=ProxySettings{host=null, port=null, username=null, password=null}}, connectionPoolSettings=ConnectionPoolSettings{maxSize=100, minSize=0, maxWaitTimeMS=120000, maxConnectionLifeTimeMS=0, maxConnectionIdleTimeMS=0, maintenanceInitialDelayMS=0, maintenanceFrequencyMS=60000, connectionPoolListeners=[], maxConnecting=2}, serverSettings=ServerSettings{heartbeatFrequencyMS=10000, minHeartbeatFrequencyMS=500, serverListeners='[]', serverMonitorListeners='[]'}, sslSettings=SslSettings{enabled=false, invalidHostNameAllowed=false, context=null}, applicationName='null', compressorList=[], uuidRepresentation=UNSPECIFIED, serverApi=null, autoEncryptionSettings=null, dnsClient=null, inetAddressResolver=null, contextProvider=null}
2025-02-09T22:50:55.331-06:00  INFO 28516 --- [-server-worker2] d.b.mongo.wire.MongoWireProtocolHandler  : client [id: 0x635fec0d, L:/127.0.0.1:57508 - R:/127.0.0.1:57509] connected
2025-02-09T22:50:55.331-06:00  INFO 28516 --- [-server-worker1] d.b.mongo.wire.MongoWireProtocolHandler  : client [id: 0x06938172, L:/127.0.0.1:57508 - R:/127.0.0.1:57510] connected
2025-02-09T22:50:55.382-06:00  INFO 28516 --- [.internal:57508] org.mongodb.driver.cluster               : Monitor thread successfully connected to server with description ServerDescription{address=kubernetes.docker.internal:57508, type=STANDALONE, state=CONNECTED, ok=true, minWireVersion=0, maxWireVersion=6, maxDocumentSize=16777216, logicalSessionTimeoutMinutes=null, roundTripTimeNanos=66949300}
2025-02-09T22:50:55.684-06:00  INFO 28516 --- [-server-worker3] d.b.mongo.wire.MongoWireProtocolHandler  : client [id: 0x18747d22, L:/127.0.0.1:57508 - R:/127.0.0.1:57511] connected
2025-02-09T22:50:55.704-06:00  INFO 28516 --- [-server-worker3] d.b.mongo.backend.AbstractMongoBackend   : created database test
2025-02-09T22:50:55.707-06:00  INFO 28516 --- [-server-worker3] d.b.mongo.backend.AbstractMongoDatabase  : adding unique _id index for collection employee
2025-02-09T22:50:55.711-06:00  INFO 28516 --- [-server-worker3] d.b.mongo.backend.AbstractMongoDatabase  : created collection test.employee
2025-02-09T22:50:55.934-06:00  INFO 28516 --- [    Test worker] o.s.b.w.embedded.tomcat.TomcatWebServer  : Tomcat started on port 57512 (http) with context path ''
2025-02-09T22:50:55.940-06:00  INFO 28516 --- [    Test worker] c.m.c.s.i.CompensationServiceImplTest    : Started CompensationServiceImplTest in 1.968 seconds (process running for 2.699)
2025-02-09T22:50:56.479-06:00  INFO 28516 --- [o-auto-1-exec-1] o.a.c.c.C.[Tomcat].[localhost].[/]       : Initializing Spring DispatcherServlet 'dispatcherServlet'
2025-02-09T22:50:56.479-06:00  INFO 28516 --- [o-auto-1-exec-1] o.s.web.servlet.DispatcherServlet        : Initializing Servlet 'dispatcherServlet'
2025-02-09T22:50:56.480-06:00  INFO 28516 --- [o-auto-1-exec-1] o.s.web.servlet.DispatcherServlet        : Completed initialization in 1 ms
2025-02-09T22:50:56.514-06:00 DEBUG 28516 --- [o-auto-1-exec-1] c.m.c.controller.CompensationController  : Received compensation read request for id [16a596ae-edd3-4847-99fe-c4518e82c86f]
2025-02-09T22:50:56.514-06:00 DEBUG 28516 --- [o-auto-1-exec-1] c.m.c.service.CompensationService        : Fetching compensation for employee [16a596ae-edd3-4847-99fe-c4518e82c86f]
2025-02-09T22:50:56.590-06:00 DEBUG 28516 --- [o-auto-1-exec-2] c.m.c.controller.CompensationController  : Received compensation read request for id [b7839309-3348-463b-a7e3-5de1c168beb3]
2025-02-09T22:50:56.590-06:00 DEBUG 28516 --- [o-auto-1-exec-2] c.m.c.service.CompensationService        : Fetching compensation for employee [b7839309-3348-463b-a7e3-5de1c168beb3]
2025-02-09T22:50:56.595-06:00 DEBUG 28516 --- [o-auto-1-exec-3] c.m.c.controller.CompensationController  : Received compensation read request for id [03aa1462-ffa9-4978-901b-7c001562cf6f]
2025-02-09T22:50:56.595-06:00 DEBUG 28516 --- [o-auto-1-exec-3] c.m.c.service.CompensationService        : Fetching compensation for employee [03aa1462-ffa9-4978-901b-7c001562cf6f]
2025-02-09T22:50:56.598-06:00 DEBUG 28516 --- [o-auto-1-exec-4] c.m.c.controller.CompensationController  : Received compensation read request for id [62c1084e-6e34-4630-93fd-9153afb65309]
2025-02-09T22:50:56.599-06:00 DEBUG 28516 --- [o-auto-1-exec-4] c.m.c.service.CompensationService        : Fetching compensation for employee [62c1084e-6e34-4630-93fd-9153afb65309]
2025-02-09T22:50:56.602-06:00 DEBUG 28516 --- [o-auto-1-exec-5] c.m.c.controller.CompensationController  : Received compensation read request for id [c0c2293d-16bd-4603-8e08-638a9d18b22c]
2025-02-09T22:50:56.602-06:00 DEBUG 28516 --- [o-auto-1-exec-5] c.m.c.service.CompensationService        : Fetching compensation for employee [c0c2293d-16bd-4603-8e08-638a9d18b22c]
2025-02-09T22:50:56.610-06:00 DEBUG 28516 --- [o-auto-1-exec-6] c.m.c.controller.CompensationController  : Received compensation read request for id [16a596ae-edd3-4847-99fe-c4518e82c86f]
2025-02-09T22:50:56.610-06:00 DEBUG 28516 --- [o-auto-1-exec-6] c.m.c.service.CompensationService        : Updating compensation for employee [16a596ae-edd3-4847-99fe-c4518e82c86f]
]]></system-out>
  <system-err><![CDATA[]]></system-err>
</testsuite>
