<?xml version="1.0" encoding="UTF-8"?>
<testsuite name="com.mindex.challenge.ChallengeApplicationTests" tests="1" skipped="0" failures="0" errors="0" timestamp="2025-02-10T04:50:56" hostname="DESKTOP-FSDHFBG" time="0.001">
  <properties/>
  <testcase name="contextLoads" classname="com.mindex.challenge.ChallengeApplicationTests" time="0.001"/>
  <system-out><![CDATA[2025-02-09T22:50:56.621-06:00  INFO 28516 --- [    Test worker] t.c.s.AnnotationConfigContextLoaderUtils : Could not detect default configuration classes for test class [com.mindex.challenge.ChallengeApplicationTests]: ChallengeApplicationTests does not declare any static, non-private, non-final, nested classes annotated with @Configuration.
2025-02-09T22:50:56.626-06:00  INFO 28516 --- [    Test worker] .b.t.c.SpringBootTestContextBootstrapper : Found @SpringBootConfiguration com.mindex.challenge.ChallengeApplication for test class com.mindex.challenge.ChallengeApplicationTests

  .   ____          _            __ _ _
 /\\ / ___'_ __ _ _(_)_ __  __ _ \ \ \ \
( ( )\___ | '_ | '_| | '_ \/ _` | \ \ \ \
 \\/  ___)| |_)| | | | | || (_| |  ) ) ) )
  '  |____| .__|_| |_|_| |_\__, | / / / /
 =========|_|==============|___/=/_/_/_/
 :: Spring Boot ::                (v3.2.3)

2025-02-09T22:50:56.645-06:00  INFO 28516 --- [    Test worker] c.m.challenge.ChallengeApplicationTests  : Starting ChallengeApplicationTests using Java 17.0.7 with PID 28516 (started by edwil in C:\Users\edwil\OneDrive\Desktop\mindex-code-challenge\mindex-code-challenge)
2025-02-09T22:50:56.645-06:00 DEBUG 28516 --- [    Test worker] c.m.challenge.ChallengeApplicationTests  : Running with Spring Boot v3.2.3, Spring v6.1.4
2025-02-09T22:50:56.645-06:00  INFO 28516 --- [    Test worker] c.m.challenge.ChallengeApplicationTests  : No active profile set, falling back to 1 default profile: "default"
2025-02-09T22:50:56.739-06:00  INFO 28516 --- [    Test worker] .s.d.r.c.RepositoryConfigurationDelegate : Bootstrapping Spring Data MongoDB repositories in DEFAULT mode.
2025-02-09T22:50:56.742-06:00  INFO 28516 --- [    Test worker] .s.d.r.c.RepositoryConfigurationDelegate : Finished Spring Data repository scanning in 3 ms. Found 1 MongoDB repository interface.
2025-02-09T22:50:56.805-06:00  INFO 28516 --- [    Test worker] de.bwaldvogel.mongo.MongoServer          : started MongoServer(port: 57514, ssl: false)
2025-02-09T22:50:56.808-06:00  INFO 28516 --- [    Test worker] org.mongodb.driver.client                : MongoClient with metadata {"driver": {"name": "mongo-java-driver|sync", "version": "4.11.1"}, "os": {"type": "Windows", "name": "Windows 11", "architecture": "amd64", "version": "10.0"}, "platform": "Java/Oracle Corporation/17.0.7+8-LTS-224"} created with settings MongoClientSettings{readPreference=primary, writeConcern=WriteConcern{w=null, wTimeout=null ms, journal=null}, retryWrites=true, retryReads=true, readConcern=ReadConcern{level=null}, credential=null, transportSettings=null, streamFactoryFactory=null, commandListeners=[], codecRegistry=ProvidersCodecRegistry{codecProviders=[ValueCodecProvider{}, BsonValueCodecProvider{}, DBRefCodecProvider{}, DBObjectCodecProvider{}, DocumentCodecProvider{}, CollectionCodecProvider{}, IterableCodecProvider{}, MapCodecProvider{}, GeoJsonCodecProvider{}, GridFSFileCodecProvider{}, Jsr310CodecProvider{}, JsonObjectCodecProvider{}, BsonCodecProvider{}, EnumCodecProvider{}, com.mongodb.client.model.mql.ExpressionCodecProvider@4fb57fb3, com.mongodb.Jep395RecordCodecProvider@6b063470, com.mongodb.KotlinCodecProvider@226d5af0]}, loggerSettings=LoggerSettings{maxDocumentLength=1000}, clusterSettings={hosts=[kubernetes.docker.internal:57514], srvServiceName=mongodb, mode=SINGLE, requiredClusterType=UNKNOWN, requiredReplicaSetName='null', serverSelector='null', clusterListeners='[]', serverSelectionTimeout='30000 ms', localThreshold='15 ms'}, socketSettings=SocketSettings{connectTimeoutMS=10000, readTimeoutMS=0, receiveBufferSize=0, proxySettings=ProxySettings{host=null, port=null, username=null, password=null}}, heartbeatSocketSettings=SocketSettings{connectTimeoutMS=10000, readTimeoutMS=10000, receiveBufferSize=0, proxySettings=ProxySettings{host=null, port=null, username=null, password=null}}, connectionPoolSettings=ConnectionPoolSettings{maxSize=100, minSize=0, maxWaitTimeMS=120000, maxConnectionLifeTimeMS=0, maxConnectionIdleTimeMS=0, maintenanceInitialDelayMS=0, maintenanceFrequencyMS=60000, connectionPoolListeners=[], maxConnecting=2}, serverSettings=ServerSettings{heartbeatFrequencyMS=10000, minHeartbeatFrequencyMS=500, serverListeners='[]', serverMonitorListeners='[]'}, sslSettings=SslSettings{enabled=false, invalidHostNameAllowed=false, context=null}, applicationName='null', compressorList=[], uuidRepresentation=UNSPECIFIED, serverApi=null, autoEncryptionSettings=null, dnsClient=null, inetAddressResolver=null, contextProvider=null}
2025-02-09T22:50:56.809-06:00  INFO 28516 --- [-server-worker1] d.b.mongo.wire.MongoWireProtocolHandler  : client [id: 0x2b9614ee, L:/127.0.0.1:57514 - R:/127.0.0.1:57515] connected
2025-02-09T22:50:56.809-06:00  INFO 28516 --- [-server-worker2] d.b.mongo.wire.MongoWireProtocolHandler  : client [id: 0x6776c884, L:/127.0.0.1:57514 - R:/127.0.0.1:57516] connected
2025-02-09T22:50:56.812-06:00  INFO 28516 --- [.internal:57514] org.mongodb.driver.cluster               : Monitor thread successfully connected to server with description ServerDescription{address=kubernetes.docker.internal:57514, type=STANDALONE, state=CONNECTED, ok=true, minWireVersion=0, maxWireVersion=6, maxDocumentSize=16777216, logicalSessionTimeoutMinutes=null, roundTripTimeNanos=3256500}
2025-02-09T22:50:56.847-06:00  INFO 28516 --- [-server-worker3] d.b.mongo.wire.MongoWireProtocolHandler  : client [id: 0xd788a776, L:/127.0.0.1:57514 - R:/127.0.0.1:57517] connected
2025-02-09T22:50:56.852-06:00  INFO 28516 --- [-server-worker3] d.b.mongo.backend.AbstractMongoBackend   : created database test
2025-02-09T22:50:56.852-06:00  INFO 28516 --- [-server-worker3] d.b.mongo.backend.AbstractMongoDatabase  : adding unique _id index for collection employee
2025-02-09T22:50:56.853-06:00  INFO 28516 --- [-server-worker3] d.b.mongo.backend.AbstractMongoDatabase  : created collection test.employee
2025-02-09T22:50:56.903-06:00  INFO 28516 --- [    Test worker] c.m.challenge.ChallengeApplicationTests  : Started ChallengeApplicationTests in 0.272 seconds (process running for 3.662)
]]></system-out>
  <system-err><![CDATA[]]></system-err>
</testsuite>
